<?xml version="1.0" encoding="UTF-8"?>
<testsuite name="com.codurance.katalyst.kickstart.MarsRoverShould" tests="9" skipped="0" failures="0" errors="0" timestamp="2022-11-16T11:36:51" hostname="RTCMW031936" time="0.036">
  <properties/>
  <testcase name="complete_movements_with_borderY_limits_command____simple_junit_test()" classname="com.codurance.katalyst.kickstart.MarsRoverShould" time="0.028"/>
  <testcase name="one_right_rotation____simple_junit_test()" classname="com.codurance.katalyst.kickstart.MarsRoverShould" time="0.0"/>
  <testcase name="two_moves____simple_junit_test()" classname="com.codurance.katalyst.kickstart.MarsRoverShould" time="0.001"/>
  <testcase name="two_right_rotations____simple_junit_test()" classname="com.codurance.katalyst.kickstart.MarsRoverShould" time="0.001"/>
  <testcase name="one_move____simple_junit_test()" classname="com.codurance.katalyst.kickstart.MarsRoverShould" time="0.001"/>
  <testcase name="complete_movements_command____simple_junit_test()" classname="com.codurance.katalyst.kickstart.MarsRoverShould" time="0.001"/>
  <testcase name="two_left_rotations____simple_junit_test()" classname="com.codurance.katalyst.kickstart.MarsRoverShould" time="0.0"/>
  <testcase name="complete_movements_with_borderX_limits_command____simple_junit_test()" classname="com.codurance.katalyst.kickstart.MarsRoverShould" time="0.0"/>
  <testcase name="one_left_rotation____simple_junit_test()" classname="com.codurance.katalyst.kickstart.MarsRoverShould" time="0.0"/>
  <system-out><![CDATA[]]></system-out>
  <system-err><![CDATA[]]></system-err>
</testsuite>
